Determining if the pthread_create exist failed with the following output:
Change Dir: /home/edwin/catkin_ws/build/CMakeFiles/CMakeTmp

Run Build Command:/usr/bin/make "cmTryCompileExec1321726519/fast"
/usr/bin/make -f CMakeFiles/cmTryCompileExec1321726519.dir/build.make CMakeFiles/cmTryCompileExec1321726519.dir/build
make[1]: Entering directory `/home/edwin/catkin_ws/build/CMakeFiles/CMakeTmp'
/usr/bin/cmake -E cmake_progress_report /home/edwin/catkin_ws/build/CMakeFiles/CMakeTmp/CMakeFiles 1
Building C object CMakeFiles/cmTryCompileExec1321726519.dir/CheckSymbolExists.c.o
/usr/bin/cc    -o CMakeFiles/cmTryCompileExec1321726519.dir/CheckSymbolExists.c.o   -c /home/edwin/catkin_ws/build/CMakeFiles/CMakeTmp/CheckSymbolExists.c
Linking C executable cmTryCompileExec1321726519
/usr/bin/cmake -E cmake_link_script CMakeFiles/cmTryCompileExec1321726519.dir/link.txt --verbose=1
/usr/bin/cc       CMakeFiles/cmTryCompileExec1321726519.dir/CheckSymbolExists.c.o  -o cmTryCompileExec1321726519 -rdynamic 
CMakeFiles/cmTryCompileExec1321726519.dir/CheckSymbolExists.c.o: In function `main':
CheckSymbolExists.c:(.text+0x16): undefined reference to `pthread_create'
collect2: error: ld returned 1 exit status
make[1]: *** [cmTryCompileExec1321726519] Error 1
make[1]: Leaving directory `/home/edwin/catkin_ws/build/CMakeFiles/CMakeTmp'
make: *** [cmTryCompileExec1321726519/fast] Error 2

File /home/edwin/catkin_ws/build/CMakeFiles/CMakeTmp/CheckSymbolExists.c:
/* */
#include <pthread.h>

int main(int argc, char** argv)
{
  (void)argv;
#ifndef pthread_create
  return ((int*)(&pthread_create))[argc];
#else
  (void)argc;
  return 0;
#endif
}

Determining if the function pthread_create exists in the pthreads failed with the following output:
Change Dir: /home/edwin/catkin_ws/build/CMakeFiles/CMakeTmp

Run Build Command:/usr/bin/make "cmTryCompileExec197678179/fast"
/usr/bin/make -f CMakeFiles/cmTryCompileExec197678179.dir/build.make CMakeFiles/cmTryCompileExec197678179.dir/build
make[1]: Entering directory `/home/edwin/catkin_ws/build/CMakeFiles/CMakeTmp'
/usr/bin/cmake -E cmake_progress_report /home/edwin/catkin_ws/build/CMakeFiles/CMakeTmp/CMakeFiles 1
Building C object CMakeFiles/cmTryCompileExec197678179.dir/CheckFunctionExists.c.o
/usr/bin/cc   -DCHECK_FUNCTION_EXISTS=pthread_create   -o CMakeFiles/cmTryCompileExec197678179.dir/CheckFunctionExists.c.o   -c /usr/share/cmake-2.8/Modules/CheckFunctionExists.c
Linking C executable cmTryCompileExec197678179
/usr/bin/cmake -E cmake_link_script CMakeFiles/cmTryCompileExec197678179.dir/link.txt --verbose=1
/usr/bin/cc   -DCHECK_FUNCTION_EXISTS=pthread_create    CMakeFiles/cmTryCompileExec197678179.dir/CheckFunctionExists.c.o  -o cmTryCompileExec197678179 -rdynamic -lpthreads 
/usr/bin/ld: cannot find -lpthreads
collect2: error: ld returned 1 exit status
make[1]: *** [cmTryCompileExec197678179] Error 1
make[1]: Leaving directory `/home/edwin/catkin_ws/build/CMakeFiles/CMakeTmp'
make: *** [cmTryCompileExec197678179/fast] Error 2


Determining if the Q_WS_WIN exist failed with the following output:
Change Dir: /home/edwin/catkin_ws/build/CMakeFiles/CMakeTmp

Run Build Command:/usr/bin/make "cmTryCompileExec1249411893/fast"
/usr/bin/make -f CMakeFiles/cmTryCompileExec1249411893.dir/build.make CMakeFiles/cmTryCompileExec1249411893.dir/build
make[1]: Entering directory `/home/edwin/catkin_ws/build/CMakeFiles/CMakeTmp'
/usr/bin/cmake -E cmake_progress_report /home/edwin/catkin_ws/build/CMakeFiles/CMakeTmp/CMakeFiles 1
Building CXX object CMakeFiles/cmTryCompileExec1249411893.dir/CheckSymbolExists.cxx.o
/usr/bin/c++    -I/usr/include/qt4    -o CMakeFiles/cmTryCompileExec1249411893.dir/CheckSymbolExists.cxx.o -c /home/edwin/catkin_ws/build/CMakeFiles/CMakeTmp/CheckSymbolExists.cxx
/home/edwin/catkin_ws/build/CMakeFiles/CMakeTmp/CheckSymbolExists.cxx: In function ‘int main(int, char**)’:
/home/edwin/catkin_ws/build/CMakeFiles/CMakeTmp/CheckSymbolExists.cxx:8:19: error: ‘Q_WS_WIN’ was not declared in this scope
   return ((int*)(&Q_WS_WIN))[argc];
                   ^
make[1]: *** [CMakeFiles/cmTryCompileExec1249411893.dir/CheckSymbolExists.cxx.o] Error 1
make[1]: Leaving directory `/home/edwin/catkin_ws/build/CMakeFiles/CMakeTmp'
make: *** [cmTryCompileExec1249411893/fast] Error 2

File /home/edwin/catkin_ws/build/CMakeFiles/CMakeTmp/CheckSymbolExists.cxx:
/* */
#include <QtCore/qglobal.h>

int main(int argc, char** argv)
{
  (void)argv;
#ifndef Q_WS_WIN
  return ((int*)(&Q_WS_WIN))[argc];
#else
  (void)argc;
  return 0;
#endif
}

Determining if the Q_WS_QWS exist failed with the following output:
Change Dir: /home/edwin/catkin_ws/build/CMakeFiles/CMakeTmp

Run Build Command:/usr/bin/make "cmTryCompileExec4284107424/fast"
/usr/bin/make -f CMakeFiles/cmTryCompileExec4284107424.dir/build.make CMakeFiles/cmTryCompileExec4284107424.dir/build
make[1]: Entering directory `/home/edwin/catkin_ws/build/CMakeFiles/CMakeTmp'
/usr/bin/cmake -E cmake_progress_report /home/edwin/catkin_ws/build/CMakeFiles/CMakeTmp/CMakeFiles 1
Building CXX object CMakeFiles/cmTryCompileExec4284107424.dir/CheckSymbolExists.cxx.o
/usr/bin/c++    -I/usr/include/qt4    -o CMakeFiles/cmTryCompileExec4284107424.dir/CheckSymbolExists.cxx.o -c /home/edwin/catkin_ws/build/CMakeFiles/CMakeTmp/CheckSymbolExists.cxx
/home/edwin/catkin_ws/build/CMakeFiles/CMakeTmp/CheckSymbolExists.cxx: In function ‘int main(int, char**)’:
/home/edwin/catkin_ws/build/CMakeFiles/CMakeTmp/CheckSymbolExists.cxx:8:19: error: ‘Q_WS_QWS’ was not declared in this scope
   return ((int*)(&Q_WS_QWS))[argc];
                   ^
make[1]: *** [CMakeFiles/cmTryCompileExec4284107424.dir/CheckSymbolExists.cxx.o] Error 1
make[1]: Leaving directory `/home/edwin/catkin_ws/build/CMakeFiles/CMakeTmp'
make: *** [cmTryCompileExec4284107424/fast] Error 2

File /home/edwin/catkin_ws/build/CMakeFiles/CMakeTmp/CheckSymbolExists.cxx:
/* */
#include <QtCore/qglobal.h>

int main(int argc, char** argv)
{
  (void)argv;
#ifndef Q_WS_QWS
  return ((int*)(&Q_WS_QWS))[argc];
#else
  (void)argc;
  return 0;
#endif
}

Determining if the Q_WS_MAC exist failed with the following output:
Change Dir: /home/edwin/catkin_ws/build/CMakeFiles/CMakeTmp

Run Build Command:/usr/bin/make "cmTryCompileExec2759850214/fast"
/usr/bin/make -f CMakeFiles/cmTryCompileExec2759850214.dir/build.make CMakeFiles/cmTryCompileExec2759850214.dir/build
make[1]: Entering directory `/home/edwin/catkin_ws/build/CMakeFiles/CMakeTmp'
/usr/bin/cmake -E cmake_progress_report /home/edwin/catkin_ws/build/CMakeFiles/CMakeTmp/CMakeFiles 1
Building CXX object CMakeFiles/cmTryCompileExec2759850214.dir/CheckSymbolExists.cxx.o
/usr/bin/c++    -I/usr/include/qt4    -o CMakeFiles/cmTryCompileExec2759850214.dir/CheckSymbolExists.cxx.o -c /home/edwin/catkin_ws/build/CMakeFiles/CMakeTmp/CheckSymbolExists.cxx
/home/edwin/catkin_ws/build/CMakeFiles/CMakeTmp/CheckSymbolExists.cxx: In function ‘int main(int, char**)’:
/home/edwin/catkin_ws/build/CMakeFiles/CMakeTmp/CheckSymbolExists.cxx:8:19: error: ‘Q_WS_MAC’ was not declared in this scope
   return ((int*)(&Q_WS_MAC))[argc];
                   ^
make[1]: *** [CMakeFiles/cmTryCompileExec2759850214.dir/CheckSymbolExists.cxx.o] Error 1
make[1]: Leaving directory `/home/edwin/catkin_ws/build/CMakeFiles/CMakeTmp'
make: *** [cmTryCompileExec2759850214/fast] Error 2

File /home/edwin/catkin_ws/build/CMakeFiles/CMakeTmp/CheckSymbolExists.cxx:
/* */
#include <QtCore/qglobal.h>

int main(int argc, char** argv)
{
  (void)argv;
#ifndef Q_WS_MAC
  return ((int*)(&Q_WS_MAC))[argc];
#else
  (void)argc;
  return 0;
#endif
}

